2024-10-08 15:52:02.341  INFO 17456 --- [restartedMain] com.pb.SpringMvc2Application             : Starting SpringMvc2Application using Java 21.0.4 on Pratiksha with PID 17456 (D:\SpringBoot\Spring-MVC2\target\classes started by Pratiksha in D:\SpringBoot\Spring-MVC2)
2024-10-08 15:52:02.421  INFO 17456 --- [restartedMain] com.pb.SpringMvc2Application             : No active profile set, falling back to default profiles: default
2024-10-08 15:52:02.858  INFO 17456 --- [restartedMain] .e.DevToolsPropertyDefaultsPostProcessor : Devtools property defaults active! Set 'spring.devtools.add-properties' to 'false' to disable
2024-10-08 15:52:02.867  INFO 17456 --- [restartedMain] .e.DevToolsPropertyDefaultsPostProcessor : For additional web related logging consider setting the 'logging.level.web' property to 'DEBUG'
2024-10-08 15:52:05.947  INFO 17456 --- [restartedMain] .s.d.r.c.RepositoryConfigurationDelegate : Bootstrapping Spring Data JPA repositories in DEFAULT mode.
2024-10-08 15:52:06.272  INFO 17456 --- [restartedMain] .s.d.r.c.RepositoryConfigurationDelegate : Finished Spring Data repository scanning in 27 ms. Found 0 JPA repository interfaces.
2024-10-08 15:52:12.958  INFO 17456 --- [restartedMain] o.s.b.w.embedded.tomcat.TomcatWebServer  : Tomcat initialized with port(s): 8091 (http)
2024-10-08 15:52:13.049  INFO 17456 --- [restartedMain] o.apache.catalina.core.StandardService   : Starting service [Tomcat]
2024-10-08 15:52:13.073  INFO 17456 --- [restartedMain] org.apache.catalina.core.StandardEngine  : Starting Servlet engine: [Apache Tomcat/9.0.54]
2024-10-08 15:52:15.439  INFO 17456 --- [restartedMain] org.apache.jasper.servlet.TldScanner     : At least one JAR was scanned for TLDs yet contained no TLDs. Enable debug logging for this logger for a complete list of JARs that were scanned but no TLDs were found in them. Skipping unneeded JARs during scanning can improve startup time and JSP compilation time.
2024-10-08 15:52:15.474  INFO 17456 --- [restartedMain] o.a.c.c.C.[Tomcat].[localhost].[/]       : Initializing Spring embedded WebApplicationContext
2024-10-08 15:52:15.481  INFO 17456 --- [restartedMain] w.s.c.ServletWebServerApplicationContext : Root WebApplicationContext: initialization completed in 12599 ms
2024-10-08 15:52:18.830  INFO 17456 --- [restartedMain] o.hibernate.jpa.internal.util.LogHelper  : HHH000204: Processing PersistenceUnitInfo [name: default]
2024-10-08 15:52:18.972  INFO 17456 --- [restartedMain] org.hibernate.Version                    : HHH000412: Hibernate ORM core version 5.4.32.Final
2024-10-08 15:52:19.350  INFO 17456 --- [restartedMain] o.hibernate.annotations.common.Version   : HCANN000001: Hibernate Commons Annotations {5.1.2.Final}
2024-10-08 15:52:19.704  INFO 17456 --- [restartedMain] com.zaxxer.hikari.HikariDataSource       : HikariPool-1 - Starting...
2024-10-08 15:52:21.964  INFO 17456 --- [restartedMain] com.zaxxer.hikari.HikariDataSource       : HikariPool-1 - Start completed.
2024-10-08 15:52:22.038  INFO 17456 --- [restartedMain] org.hibernate.dialect.Dialect            : HHH000400: Using dialect: org.hibernate.dialect.MySQL8Dialect
2024-10-08 15:52:24.016  INFO 17456 --- [restartedMain] o.h.e.t.j.p.i.JtaPlatformInitiator       : HHH000490: Using JtaPlatform implementation: [org.hibernate.engine.transaction.jta.platform.internal.NoJtaPlatform]
2024-10-08 15:52:24.077  INFO 17456 --- [restartedMain] j.LocalContainerEntityManagerFactoryBean : Initialized JPA EntityManagerFactory for persistence unit 'default'
2024-10-08 15:52:24.697  WARN 17456 --- [restartedMain] JpaBaseConfiguration$JpaWebConfiguration : spring.jpa.open-in-view is enabled by default. Therefore, database queries may be performed during view rendering. Explicitly configure spring.jpa.open-in-view to disable this warning
2024-10-08 15:52:44.111  INFO 17456 --- [restartedMain] o.s.b.d.a.OptionalLiveReloadServer       : LiveReload server is running on port 35729
2024-10-08 15:52:45.565  INFO 17456 --- [restartedMain] o.s.b.w.embedded.tomcat.TomcatWebServer  : Tomcat started on port(s): 8091 (http) with context path ''
2024-10-08 15:52:45.746  INFO 17456 --- [restartedMain] com.pb.SpringMvc2Application             : Started SpringMvc2Application in 46.867 seconds (JVM running for 50.203)
2024-10-08 15:52:45.751  INFO 17456 --- [restartedMain] com.pb.SpringMvc2Application             : Process Started...
2024-10-08 15:53:17.994  INFO 17456 --- [http-nio-8091-exec-1] o.a.c.c.C.[Tomcat].[localhost].[/]       : Initializing Spring DispatcherServlet 'dispatcherServlet'
2024-10-08 15:53:17.994  INFO 17456 --- [http-nio-8091-exec-1] o.s.web.servlet.DispatcherServlet        : Initializing Servlet 'dispatcherServlet'
2024-10-08 15:53:18.238  INFO 17456 --- [http-nio-8091-exec-1] o.s.web.servlet.DispatcherServlet        : Completed initialization in 244 ms
2024-10-08 15:53:18.978  INFO 17456 --- [http-nio-8091-exec-1] com.pb.aop.ControllerAdvice              : Started At: 2024-10-08-15:53:18:978
2024-10-08 15:53:19.032  INFO 17456 --- [http-nio-8091-exec-1] com.pb.aop.ControllerAdvice              : Ended At: 2024-10-08-15:53:19:032
2024-10-08 15:54:07.857  INFO 17456 --- [http-nio-8091-exec-7] com.pb.aop.ControllerAdvice              : Started At: 2024-10-08-15:54:07:857
2024-10-08 15:54:07.857  INFO 17456 --- [http-nio-8091-exec-7] com.pb.aop.ControllerAdvice              : Ended At: 2024-10-08-15:54:07:857
2024-10-08 15:56:16.896  INFO 17456 --- [http-nio-8091-exec-2] com.pb.aop.ControllerAdvice              : Started At: 2024-10-08-15:56:16:896
2024-10-08 15:56:16.913  INFO 17456 --- [http-nio-8091-exec-2] com.pb.aop.ControllerAdvice              : Ended At: 2024-10-08-15:56:16:913
2024-10-08 15:56:27.365  INFO 17456 --- [http-nio-8091-exec-6] com.pb.aop.ControllerAdvice              : Started At: 2024-10-08-15:56:27:365
2024-10-08 15:56:27.365  INFO 17456 --- [http-nio-8091-exec-6] com.pb.aop.ControllerAdvice              : Ended At: 2024-10-08-15:56:27:365
2024-10-08 15:59:23.319  INFO 17456 --- [Thread-4] j.LocalContainerEntityManagerFactoryBean : Closing JPA EntityManagerFactory for persistence unit 'default'
2024-10-08 15:59:23.383  INFO 17456 --- [Thread-4] com.zaxxer.hikari.HikariDataSource       : HikariPool-1 - Shutdown initiated...
2024-10-08 15:59:23.464  INFO 17456 --- [Thread-4] com.zaxxer.hikari.HikariDataSource       : HikariPool-1 - Shutdown completed.
2024-10-08 15:59:25.274  INFO 17456 --- [restartedMain] com.pb.SpringMvc2Application             : Starting SpringMvc2Application using Java 21.0.4 on Pratiksha with PID 17456 (D:\SpringBoot\Spring-MVC2\target\classes started by Pratiksha in D:\SpringBoot\Spring-MVC2)
2024-10-08 15:59:25.284  INFO 17456 --- [restartedMain] com.pb.SpringMvc2Application             : No active profile set, falling back to default profiles: default
2024-10-08 15:59:27.407  INFO 17456 --- [restartedMain] .s.d.r.c.RepositoryConfigurationDelegate : Bootstrapping Spring Data JPA repositories in DEFAULT mode.
2024-10-08 15:59:27.410  INFO 17456 --- [restartedMain] .s.d.r.c.RepositoryConfigurationDelegate : Finished Spring Data repository scanning in 2 ms. Found 0 JPA repository interfaces.
2024-10-08 15:59:29.871  INFO 17456 --- [restartedMain] o.s.b.w.embedded.tomcat.TomcatWebServer  : Tomcat initialized with port(s): 8091 (http)
2024-10-08 15:59:29.882  INFO 17456 --- [restartedMain] o.apache.catalina.core.StandardService   : Starting service [Tomcat]
2024-10-08 15:59:29.883  INFO 17456 --- [restartedMain] org.apache.catalina.core.StandardEngine  : Starting Servlet engine: [Apache Tomcat/9.0.54]
2024-10-08 15:59:30.822  INFO 17456 --- [restartedMain] org.apache.jasper.servlet.TldScanner     : At least one JAR was scanned for TLDs yet contained no TLDs. Enable debug logging for this logger for a complete list of JARs that were scanned but no TLDs were found in them. Skipping unneeded JARs during scanning can improve startup time and JSP compilation time.
2024-10-08 15:59:30.835  INFO 17456 --- [restartedMain] o.a.c.c.C.[Tomcat].[localhost].[/]       : Initializing Spring embedded WebApplicationContext
2024-10-08 15:59:30.847  INFO 17456 --- [restartedMain] w.s.c.ServletWebServerApplicationContext : Root WebApplicationContext: initialization completed in 5525 ms
2024-10-08 15:59:31.877  INFO 17456 --- [restartedMain] o.hibernate.jpa.internal.util.LogHelper  : HHH000204: Processing PersistenceUnitInfo [name: default]
2024-10-08 15:59:31.904  INFO 17456 --- [restartedMain] com.zaxxer.hikari.HikariDataSource       : HikariPool-2 - Starting...
2024-10-08 15:59:32.013  INFO 17456 --- [restartedMain] com.zaxxer.hikari.HikariDataSource       : HikariPool-2 - Start completed.
2024-10-08 15:59:32.014  INFO 17456 --- [restartedMain] org.hibernate.dialect.Dialect            : HHH000400: Using dialect: org.hibernate.dialect.MySQL8Dialect
2024-10-08 15:59:32.171  INFO 17456 --- [restartedMain] o.h.e.t.j.p.i.JtaPlatformInitiator       : HHH000490: Using JtaPlatform implementation: [org.hibernate.engine.transaction.jta.platform.internal.NoJtaPlatform]
2024-10-08 15:59:32.171  INFO 17456 --- [restartedMain] j.LocalContainerEntityManagerFactoryBean : Initialized JPA EntityManagerFactory for persistence unit 'default'
2024-10-08 15:59:32.556  WARN 17456 --- [restartedMain] JpaBaseConfiguration$JpaWebConfiguration : spring.jpa.open-in-view is enabled by default. Therefore, database queries may be performed during view rendering. Explicitly configure spring.jpa.open-in-view to disable this warning
2024-10-08 15:59:34.729  INFO 17456 --- [restartedMain] o.s.b.d.a.OptionalLiveReloadServer       : LiveReload server is running on port 35729
2024-10-08 15:59:34.899  INFO 17456 --- [restartedMain] o.s.b.w.embedded.tomcat.TomcatWebServer  : Tomcat started on port(s): 8091 (http) with context path ''
2024-10-08 15:59:34.952  INFO 17456 --- [restartedMain] com.pb.SpringMvc2Application             : Started SpringMvc2Application in 10.1 seconds (JVM running for 459.408)
2024-10-08 15:59:35.017  INFO 17456 --- [restartedMain] .ConditionEvaluationDeltaLoggingListener : Condition evaluation unchanged
2024-10-08 15:59:35.032  INFO 17456 --- [restartedMain] com.pb.SpringMvc2Application             : Process Started...
2024-10-08 15:59:45.226  INFO 17456 --- [http-nio-8091-exec-1] o.a.c.c.C.[Tomcat].[localhost].[/]       : Initializing Spring DispatcherServlet 'dispatcherServlet'
2024-10-08 15:59:45.227  INFO 17456 --- [http-nio-8091-exec-1] o.s.web.servlet.DispatcherServlet        : Initializing Servlet 'dispatcherServlet'
2024-10-08 15:59:45.246  INFO 17456 --- [http-nio-8091-exec-1] o.s.web.servlet.DispatcherServlet        : Completed initialization in 3 ms
2024-10-08 15:59:46.024  WARN 17456 --- [http-nio-8091-exec-1] .w.s.m.s.DefaultHandlerExceptionResolver : Resolved [org.springframework.web.bind.MissingServletRequestParameterException: Required request parameter 'username' for method parameter type String is not present]
2024-10-08 16:02:02.253  INFO 17456 --- [Thread-6] j.LocalContainerEntityManagerFactoryBean : Closing JPA EntityManagerFactory for persistence unit 'default'
2024-10-08 16:02:02.284  INFO 17456 --- [Thread-6] com.zaxxer.hikari.HikariDataSource       : HikariPool-2 - Shutdown initiated...
2024-10-08 16:02:02.737  INFO 17456 --- [Thread-6] com.zaxxer.hikari.HikariDataSource       : HikariPool-2 - Shutdown completed.
2024-10-08 16:02:03.558  INFO 17456 --- [restartedMain] com.pb.SpringMvc2Application             : Starting SpringMvc2Application using Java 21.0.4 on Pratiksha with PID 17456 (D:\SpringBoot\Spring-MVC2\target\classes started by Pratiksha in D:\SpringBoot\Spring-MVC2)
2024-10-08 16:02:03.564  INFO 17456 --- [restartedMain] com.pb.SpringMvc2Application             : No active profile set, falling back to default profiles: default
2024-10-08 16:02:04.675  INFO 17456 --- [restartedMain] .s.d.r.c.RepositoryConfigurationDelegate : Bootstrapping Spring Data JPA repositories in DEFAULT mode.
2024-10-08 16:02:04.872  INFO 17456 --- [restartedMain] .s.d.r.c.RepositoryConfigurationDelegate : Finished Spring Data repository scanning in 179 ms. Found 0 JPA repository interfaces.
2024-10-08 16:02:05.456  INFO 17456 --- [restartedMain] o.s.b.w.embedded.tomcat.TomcatWebServer  : Tomcat initialized with port(s): 8091 (http)
2024-10-08 16:02:05.700  INFO 17456 --- [restartedMain] o.apache.catalina.core.StandardService   : Starting service [Tomcat]
2024-10-08 16:02:05.711  INFO 17456 --- [restartedMain] org.apache.catalina.core.StandardEngine  : Starting Servlet engine: [Apache Tomcat/9.0.54]
2024-10-08 16:02:06.108  INFO 17456 --- [restartedMain] org.apache.jasper.servlet.TldScanner     : At least one JAR was scanned for TLDs yet contained no TLDs. Enable debug logging for this logger for a complete list of JARs that were scanned but no TLDs were found in them. Skipping unneeded JARs during scanning can improve startup time and JSP compilation time.
2024-10-08 16:02:06.133  INFO 17456 --- [restartedMain] o.a.c.c.C.[Tomcat].[localhost].[/]       : Initializing Spring embedded WebApplicationContext
2024-10-08 16:02:06.144  INFO 17456 --- [restartedMain] w.s.c.ServletWebServerApplicationContext : Root WebApplicationContext: initialization completed in 2566 ms
2024-10-08 16:02:06.478  INFO 17456 --- [restartedMain] o.hibernate.jpa.internal.util.LogHelper  : HHH000204: Processing PersistenceUnitInfo [name: default]
2024-10-08 16:02:06.509  INFO 17456 --- [restartedMain] com.zaxxer.hikari.HikariDataSource       : HikariPool-3 - Starting...
2024-10-08 16:02:06.577  INFO 17456 --- [restartedMain] com.zaxxer.hikari.HikariDataSource       : HikariPool-3 - Start completed.
2024-10-08 16:02:06.588  INFO 17456 --- [restartedMain] org.hibernate.dialect.Dialect            : HHH000400: Using dialect: org.hibernate.dialect.MySQL8Dialect
2024-10-08 16:02:06.754  INFO 17456 --- [restartedMain] o.h.e.t.j.p.i.JtaPlatformInitiator       : HHH000490: Using JtaPlatform implementation: [org.hibernate.engine.transaction.jta.platform.internal.NoJtaPlatform]
2024-10-08 16:02:06.756  INFO 17456 --- [restartedMain] j.LocalContainerEntityManagerFactoryBean : Initialized JPA EntityManagerFactory for persistence unit 'default'
2024-10-08 16:02:07.244  WARN 17456 --- [restartedMain] JpaBaseConfiguration$JpaWebConfiguration : spring.jpa.open-in-view is enabled by default. Therefore, database queries may be performed during view rendering. Explicitly configure spring.jpa.open-in-view to disable this warning
2024-10-08 16:02:09.623  INFO 17456 --- [restartedMain] o.s.b.d.a.OptionalLiveReloadServer       : LiveReload server is running on port 35729
2024-10-08 16:02:09.716  INFO 17456 --- [restartedMain] o.s.b.w.embedded.tomcat.TomcatWebServer  : Tomcat started on port(s): 8091 (http) with context path ''
2024-10-08 16:02:10.091  INFO 17456 --- [restartedMain] com.pb.SpringMvc2Application             : Started SpringMvc2Application in 6.935 seconds (JVM running for 614.548)
2024-10-08 16:02:10.093  INFO 17456 --- [restartedMain] .ConditionEvaluationDeltaLoggingListener : Condition evaluation unchanged
2024-10-08 16:02:10.094  INFO 17456 --- [restartedMain] com.pb.SpringMvc2Application             : Process Started...
2024-10-08 16:04:13.730  INFO 17456 --- [Thread-9] j.LocalContainerEntityManagerFactoryBean : Closing JPA EntityManagerFactory for persistence unit 'default'
2024-10-08 16:04:13.731  INFO 17456 --- [Thread-9] com.zaxxer.hikari.HikariDataSource       : HikariPool-3 - Shutdown initiated...
2024-10-08 16:04:14.330  INFO 17456 --- [Thread-9] com.zaxxer.hikari.HikariDataSource       : HikariPool-3 - Shutdown completed.
2024-10-08 16:04:14.916  INFO 17456 --- [restartedMain] com.pb.SpringMvc2Application             : Starting SpringMvc2Application using Java 21.0.4 on Pratiksha with PID 17456 (D:\SpringBoot\Spring-MVC2\target\classes started by Pratiksha in D:\SpringBoot\Spring-MVC2)
2024-10-08 16:04:14.926  INFO 17456 --- [restartedMain] com.pb.SpringMvc2Application             : No active profile set, falling back to default profiles: default
2024-10-08 16:04:15.437  INFO 17456 --- [restartedMain] .s.d.r.c.RepositoryConfigurationDelegate : Bootstrapping Spring Data JPA repositories in DEFAULT mode.
2024-10-08 16:04:15.459  INFO 17456 --- [restartedMain] .s.d.r.c.RepositoryConfigurationDelegate : Finished Spring Data repository scanning in 15 ms. Found 0 JPA repository interfaces.
2024-10-08 16:04:15.903  INFO 17456 --- [restartedMain] o.s.b.w.embedded.tomcat.TomcatWebServer  : Tomcat initialized with port(s): 8091 (http)
2024-10-08 16:04:15.918  INFO 17456 --- [restartedMain] o.apache.catalina.core.StandardService   : Starting service [Tomcat]
2024-10-08 16:04:15.930  INFO 17456 --- [restartedMain] org.apache.catalina.core.StandardEngine  : Starting Servlet engine: [Apache Tomcat/9.0.54]
2024-10-08 16:04:16.327  INFO 17456 --- [restartedMain] org.apache.jasper.servlet.TldScanner     : At least one JAR was scanned for TLDs yet contained no TLDs. Enable debug logging for this logger for a complete list of JARs that were scanned but no TLDs were found in them. Skipping unneeded JARs during scanning can improve startup time and JSP compilation time.
2024-10-08 16:04:16.349  INFO 17456 --- [restartedMain] o.a.c.c.C.[Tomcat].[localhost].[/]       : Initializing Spring embedded WebApplicationContext
2024-10-08 16:04:16.360  INFO 17456 --- [restartedMain] w.s.c.ServletWebServerApplicationContext : Root WebApplicationContext: initialization completed in 1396 ms
2024-10-08 16:04:16.553  INFO 17456 --- [restartedMain] o.hibernate.jpa.internal.util.LogHelper  : HHH000204: Processing PersistenceUnitInfo [name: default]
2024-10-08 16:04:16.597  INFO 17456 --- [restartedMain] com.zaxxer.hikari.HikariDataSource       : HikariPool-4 - Starting...
2024-10-08 16:04:16.679  INFO 17456 --- [restartedMain] com.zaxxer.hikari.HikariDataSource       : HikariPool-4 - Start completed.
2024-10-08 16:04:16.681  INFO 17456 --- [restartedMain] org.hibernate.dialect.Dialect            : HHH000400: Using dialect: org.hibernate.dialect.MySQL8Dialect
2024-10-08 16:04:16.727  INFO 17456 --- [restartedMain] o.h.e.t.j.p.i.JtaPlatformInitiator       : HHH000490: Using JtaPlatform implementation: [org.hibernate.engine.transaction.jta.platform.internal.NoJtaPlatform]
2024-10-08 16:04:16.728  INFO 17456 --- [restartedMain] j.LocalContainerEntityManagerFactoryBean : Initialized JPA EntityManagerFactory for persistence unit 'default'
2024-10-08 16:04:17.181  WARN 17456 --- [restartedMain] JpaBaseConfiguration$JpaWebConfiguration : spring.jpa.open-in-view is enabled by default. Therefore, database queries may be performed during view rendering. Explicitly configure spring.jpa.open-in-view to disable this warning
2024-10-08 16:04:17.824  INFO 17456 --- [restartedMain] o.s.b.d.a.OptionalLiveReloadServer       : LiveReload server is running on port 35729
2024-10-08 16:04:17.906  INFO 17456 --- [restartedMain] o.s.b.w.embedded.tomcat.TomcatWebServer  : Tomcat started on port(s): 8091 (http) with context path ''
2024-10-08 16:04:17.930  INFO 17456 --- [restartedMain] com.pb.SpringMvc2Application             : Started SpringMvc2Application in 3.278 seconds (JVM running for 742.387)
2024-10-08 16:04:17.943  INFO 17456 --- [restartedMain] .ConditionEvaluationDeltaLoggingListener : Condition evaluation unchanged
2024-10-08 16:04:17.950  INFO 17456 --- [restartedMain] com.pb.SpringMvc2Application             : Process Started...
2024-10-08 16:05:18.533  INFO 17456 --- [http-nio-8091-exec-1] o.a.c.c.C.[Tomcat].[localhost].[/]       : Initializing Spring DispatcherServlet 'dispatcherServlet'
2024-10-08 16:05:18.533  INFO 17456 --- [http-nio-8091-exec-1] o.s.web.servlet.DispatcherServlet        : Initializing Servlet 'dispatcherServlet'
2024-10-08 16:05:18.533  INFO 17456 --- [http-nio-8091-exec-1] o.s.web.servlet.DispatcherServlet        : Completed initialization in 0 ms
2024-10-08 16:05:18.746  INFO 17456 --- [http-nio-8091-exec-1] com.pb.aop.ControllerAdvice              : Started At: 2024-10-08-16:05:18:746
2024-10-08 16:05:18.923  INFO 17456 --- [http-nio-8091-exec-1] com.pb.aop.ControllerAdvice              : Ended At: 2024-10-08-16:05:18:923
2024-10-08 16:05:30.583  INFO 17456 --- [http-nio-8091-exec-4] com.pb.aop.ControllerAdvice              : Started At: 2024-10-08-16:05:30:583
2024-10-08 16:05:30.583  INFO 17456 --- [http-nio-8091-exec-4] com.pb.aop.ControllerAdvice              : Ended At: 2024-10-08-16:05:30:583
2024-10-08 16:05:47.841  INFO 17456 --- [http-nio-8091-exec-8] com.pb.aop.ControllerAdvice              : Started At: 2024-10-08-16:05:47:841
2024-10-08 16:05:47.843  INFO 17456 --- [http-nio-8091-exec-8] com.pb.aop.ControllerAdvice              : Ended At: 2024-10-08-16:05:47:843
